[debug] [2022-09-13T12:25:36.027Z] ----------------------------------------------------------------------
[debug] [2022-09-13T12:25:36.029Z] Command:       C:\Program Files\nodejs\node.exe C:\Users\PREDATOR\AppData\Roaming\npm\node_modules\firebase-tools\lib\bin\firebase.js init
[debug] [2022-09-13T12:25:36.029Z] CLI Version:   11.9.0
[debug] [2022-09-13T12:25:36.029Z] Platform:      win32
[debug] [2022-09-13T12:25:36.029Z] Node Version:  v16.10.0
[debug] [2022-09-13T12:25:36.030Z] Time:          Tue Sep 13 2022 18:25:36 GMT+0600 (Восточный Казахстан)
[debug] [2022-09-13T12:25:36.030Z] ----------------------------------------------------------------------
[debug] 
[debug] [2022-09-13T12:25:36.037Z] > command requires scopes: ["email","openid","https://www.googleapis.com/auth/cloudplatformprojects.readonly","https://www.googleapis.com/auth/firebase","https://www.googleapis.com/auth/cloud-platform"]
[debug] [2022-09-13T12:25:36.037Z] > authorizing via signed-in user (nazgul.abdibalieva.kk@gmail.com)
[info] 
     ######## #### ########  ######## ########     ###     ######  ########
     ##        ##  ##     ## ##       ##     ##  ##   ##  ##       ##
     ######    ##  ########  ######   ########  #########  ######  ######
     ##        ##  ##    ##  ##       ##     ## ##     ##       ## ##
     ##       #### ##     ## ######## ########  ##     ##  ######  ########

You're about to initialize a Firebase project in this directory:

  C:\Users\PREDATOR\Desktop\FOODS\emenu-web

[info] 
=== Project Setup
[info] 
[info] First, let's associate this project directory with a Firebase project.
[info] You can create multiple project aliases by running firebase use --add, 
[info] but for now we'll just set up a default project.
[info] 
[debug] [2022-09-13T12:25:47.975Z] > refreshing access token with scopes: []
[debug] [2022-09-13T12:25:47.976Z] >>> [apiv2][query] POST https://www.googleapis.com/oauth2/v3/token [none]
[debug] [2022-09-13T12:25:47.977Z] >>> [apiv2][body] POST https://www.googleapis.com/oauth2/v3/token [omitted]
[debug] [2022-09-13T12:25:50.052Z] <<< [apiv2][status] POST https://www.googleapis.com/oauth2/v3/token 200
[debug] [2022-09-13T12:25:50.052Z] <<< [apiv2][body] POST https://www.googleapis.com/oauth2/v3/token [omitted]
[debug] [2022-09-13T12:25:50.063Z] >>> [apiv2][query] GET https://firebase.googleapis.com/v1beta1/projects pageSize=100
[debug] [2022-09-13T12:25:51.278Z] <<< [apiv2][status] GET https://firebase.googleapis.com/v1beta1/projects 200
[debug] [2022-09-13T12:25:51.278Z] <<< [apiv2][body] GET https://firebase.googleapis.com/v1beta1/projects [omitted]
[info] i  Using project uluk-ata (uluk-ata) 
[info] 
=== Hosting Setup
[info] 
[info] Your public directory is the folder (relative to your project directory) that
[info] will contain Hosting assets to be uploaded with firebase deploy. If you
[info] have a build process for your assets, use your build's output directory.
[info] 
[debug] [2022-09-13T12:26:32.748Z] >>> [apiv2][query] GET https://www.gstatic.com/firebasejs/releases.json [none]
[debug] [2022-09-13T12:26:34.724Z] <<< [apiv2][status] GET https://www.gstatic.com/firebasejs/releases.json 200
[debug] [2022-09-13T12:26:34.725Z] <<< [apiv2][body] GET https://www.gstatic.com/firebasejs/releases.json {"current":{"version":"9.9.4","browserURL":"https://www.gstatic.com/firebasejs/9.9.4/firebase.js","packageURL":"https://www.gstatic.com/firebasejs/9.9.4/firebase.tgz"},"live":{"version":"9.9","browserURL":"https://www.gstatic.com/firebasejs/live/9.9/firebase.js","packageURL":"https://www.gstatic.com/firebasejs/live/9.9/firebase.tgz"},"components":{"analytics":"https://www.gstatic.com/firebasejs/9.9.4/firebase-analytics.js","app":"https://www.gstatic.com/firebasejs/9.9.4/firebase-app.js","app-check":"https://www.gstatic.com/firebasejs/9.9.4/firebase-app-check.js","auth":"https://www.gstatic.com/firebasejs/9.9.4/firebase-auth.js","auth/cordova":"https://www.gstatic.com/firebasejs/9.9.4/firebase-auth/cordova.js","auth/react-native":"https://www.gstatic.com/firebasejs/9.9.4/firebase-auth/react-native.js","functions":"https://www.gstatic.com/firebasejs/9.9.4/firebase-functions.js","firestore":"https://www.gstatic.com/firebasejs/9.9.4/firebase-firestore.js","firestore/lite":"https://www.gstatic.com/firebasejs/9.9.4/firebase-firestore/lite.js","installations":"https://www.gstatic.com/firebasejs/9.9.4/firebase-installations.js","storage":"https://www.gstatic.com/firebasejs/9.9.4/firebase-storage.js","performance":"https://www.gstatic.com/firebasejs/9.9.4/firebase-performance.js","remote-config":"https://www.gstatic.com/firebasejs/9.9.4/firebase-remote-config.js","messaging":"https://www.gstatic.com/firebasejs/9.9.4/firebase-messaging.js","messaging/sw":"https://www.gstatic.com/firebasejs/9.9.4/firebase-messaging/sw.js","database":"https://www.gstatic.com/firebasejs/9.9.4/firebase-database.js","firestore.memory":"https://www.gstatic.com/firebasejs/9.9.4/firebase-firestore.memory.js"}}
[info] +  Wrote build/index.html 
[info] 
[info] i  Detected a .git folder at C:\Users\PREDATOR\Desktop\FOODS\emenu-web 
[info] i  Authorizing with GitHub to upload your service account to a GitHub repository's secrets store. 
[info] 
[info] Visit this URL on this device to log in:
[info] https://github.com/login/oauth/authorize?client_id=89cf50f02ac6aaed3484&state=9865858&redirect_uri=http%3A%2F%2Flocalhost%3A9005&scope=read%3Auser%20repo%20public_repo
[info] 
[info] Waiting for authentication...
[debug] [2022-09-13T12:26:36.556Z] >>> [apiv2][query] POST https://github.com/login/oauth/access_token [none]
[debug] [2022-09-13T12:26:36.556Z] >>> [apiv2][body] POST https://github.com/login/oauth/access_token [stream]
[debug] [2022-09-13T12:26:37.971Z] <<< [apiv2][status] POST https://github.com/login/oauth/access_token 200
[debug] [2022-09-13T12:26:37.972Z] <<< [apiv2][body] POST https://github.com/login/oauth/access_token {"access_token":"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","token_type":"bearer","scope":"read:user,repo"}
[debug] [2022-09-13T12:26:37.992Z] >>> [apiv2][query] GET https://api.github.com/user [none]
[debug] [2022-09-13T12:26:39.327Z] <<< [apiv2][status] GET https://api.github.com/user 200
[debug] [2022-09-13T12:26:39.328Z] <<< [apiv2][body] GET https://api.github.com/user {"login":"nazgul9","id":80694567,"node_id":"MDQ6VXNlcjgwNjk0NTY3","avatar_url":"https://avatars.githubusercontent.com/u/80694567?v=4","gravatar_id":"","url":"https://api.github.com/users/nazgul9","html_url":"https://github.com/nazgul9","followers_url":"https://api.github.com/users/nazgul9/followers","following_url":"https://api.github.com/users/nazgul9/following{/other_user}","gists_url":"https://api.github.com/users/nazgul9/gists{/gist_id}","starred_url":"https://api.github.com/users/nazgul9/starred{/owner}{/repo}","subscriptions_url":"https://api.github.com/users/nazgul9/subscriptions","organizations_url":"https://api.github.com/users/nazgul9/orgs","repos_url":"https://api.github.com/users/nazgul9/repos","events_url":"https://api.github.com/users/nazgul9/events{/privacy}","received_events_url":"https://api.github.com/users/nazgul9/received_events","type":"User","site_admin":false,"name":null,"company":null,"blog":"","location":null,"email":null,"hireable":null,"bio":null,"twitter_username":null,"public_repos":23,"public_gists":0,"followers":0,"following":0,"created_at":"2021-03-15T13:39:10Z","updated_at":"2022-08-07T02:10:59Z","private_gists":0,"total_private_repos":0,"owned_private_repos":0,"disk_usage":141282,"collaborators":0,"two_factor_authentication":false,"plan":{"name":"free","space":976562499,"collaborators":0,"private_repos":10000}}
[info] 
[info] +  Success! Logged into GitHub as nazgul9 
[info] 
[debug] [2022-09-13T12:27:31.859Z] >>> [apiv2][query] GET https://api.github.com/repos/nazgul9/uluk-ata/actions/secrets/public-key type=owner
[debug] [2022-09-13T12:27:33.274Z] <<< [apiv2][status] GET https://api.github.com/repos/nazgul9/uluk-ata/actions/secrets/public-key 404
[debug] [2022-09-13T12:27:33.275Z] <<< [apiv2][body] GET https://api.github.com/repos/nazgul9/uluk-ata/actions/secrets/public-key {"message":"Not Found","documentation_url":"https://docs.github.com/rest/reference/actions#get-a-repository-public-key"}
[debug] [2022-09-13T12:27:42.537Z] >>> [apiv2][query] GET https://api.github.com/repos/nazgul9/uluk-ata/actions/secrets/public-key type=owner
[debug] [2022-09-13T12:27:44.006Z] <<< [apiv2][status] GET https://api.github.com/repos/nazgul9/uluk-ata/actions/secrets/public-key 404
[debug] [2022-09-13T12:27:44.007Z] <<< [apiv2][body] GET https://api.github.com/repos/nazgul9/uluk-ata/actions/secrets/public-key {"message":"Not Found","documentation_url":"https://docs.github.com/rest/reference/actions#get-a-repository-public-key"}
[debug] [2022-09-13T12:27:51.335Z] >>> [apiv2][query] GET https://api.github.com/repos/nazgul9/uluk-ata/actions/secrets/public-key type=owner
[debug] [2022-09-13T12:27:52.699Z] <<< [apiv2][status] GET https://api.github.com/repos/nazgul9/uluk-ata/actions/secrets/public-key 404
[debug] [2022-09-13T12:27:52.699Z] <<< [apiv2][body] GET https://api.github.com/repos/nazgul9/uluk-ata/actions/secrets/public-key {"message":"Not Found","documentation_url":"https://docs.github.com/rest/reference/actions#get-a-repository-public-key"}
